<?xml version="1.0" encoding="UTF-8"?>
<testng-results ignored="0" total="1" passed="1" failed="0" skipped="0">
  <reporter-output>
    <line>
      <![CDATA[--Database connection established--]]>
    </line>
    <line>
      <![CDATA[--BROWSER got Launched--]]>
    </line>
    <line>
      <![CDATA[--Logged In Successfully--]]>
    </line>
    <line>
      <![CDATA[--Logged out Successfully--]]>
    </line>
    <line>
      <![CDATA[--Browser got closed successfully--]]>
    </line>
    <line>
      <![CDATA[--Database connection Disconnected--]]>
    </line>
  </reporter-output>
  <suite started-at="2025-04-02T09:52:57 IST" name="Default suite" finished-at="2025-04-02T09:55:12 IST" duration-ms="135057">
    <groups>
    </groups>
    <test started-at="2025-04-02T09:52:57 IST" name="Default test" finished-at="2025-04-02T09:55:12 IST" duration-ms="135057">
      <class name="contactTests.ToCreateContactTest">
        <test-method is-config="true" signature="beforeSuiteConfiguration()[pri:0, instance:contactTests.ToCreateContactTest@557caf28]" started-at="2025-04-02T09:52:57 IST" name="beforeSuiteConfiguration" finished-at="2025-04-02T09:52:57 IST" duration-ms="19" status="PASS">
          <reporter-output>
            <line>
              <![CDATA[--Database connection established--]]>
            </line>
          </reporter-output>
        </test-method> <!-- beforeSuiteConfiguration -->
        <test-method is-config="true" signature="beforeClassConfiguration()[pri:0, instance:contactTests.ToCreateContactTest@557caf28]" started-at="2025-04-02T09:52:58 IST" name="beforeClassConfiguration" finished-at="2025-04-02T09:53:38 IST" duration-ms="39962" status="PASS">
          <reporter-output>
            <line>
              <![CDATA[--BROWSER got Launched--]]>
            </line>
          </reporter-output>
        </test-method> <!-- beforeClassConfiguration -->
        <test-method is-config="true" signature="beforeMethodConfiguration()[pri:0, instance:contactTests.ToCreateContactTest@557caf28]" started-at="2025-04-02T09:53:38 IST" name="beforeMethodConfiguration" finished-at="2025-04-02T09:53:38 IST" duration-ms="734" status="PASS">
          <reporter-output>
            <line>
              <![CDATA[--Logged In Successfully--]]>
            </line>
          </reporter-output>
        </test-method> <!-- beforeMethodConfiguration -->
        <test-method signature="toCreateContact_001()[pri:0, instance:contactTests.ToCreateContactTest@557caf28]" started-at="2025-04-02T09:53:38 IST" name="toCreateContact_001" finished-at="2025-04-02T09:55:07 IST" duration-ms="88600" status="PASS">
          <reporter-output>
          </reporter-output>
        </test-method> <!-- toCreateContact_001 -->
        <test-method is-config="true" signature="afterMethodConfiguration()[pri:0, instance:contactTests.ToCreateContactTest@557caf28]" started-at="2025-04-02T09:55:07 IST" name="afterMethodConfiguration" finished-at="2025-04-02T09:55:12 IST" duration-ms="4715" status="PASS">
          <reporter-output>
            <line>
              <![CDATA[--Logged out Successfully--]]>
            </line>
          </reporter-output>
        </test-method> <!-- afterMethodConfiguration -->
        <test-method is-config="true" signature="afterClassConfiguration()[pri:0, instance:contactTests.ToCreateContactTest@557caf28]" started-at="2025-04-02T09:55:12 IST" name="afterClassConfiguration" finished-at="2025-04-02T09:55:12 IST" duration-ms="583" status="PASS">
          <reporter-output>
            <line>
              <![CDATA[--Browser got closed successfully--]]>
            </line>
          </reporter-output>
        </test-method> <!-- afterClassConfiguration -->
        <test-method is-config="true" signature="afterSuiteConfiguration()[pri:0, instance:contactTests.ToCreateContactTest@557caf28]" started-at="2025-04-02T09:55:13 IST" name="afterSuiteConfiguration" finished-at="2025-04-02T09:55:13 IST" duration-ms="2" status="PASS">
          <reporter-output>
            <line>
              <![CDATA[--Database connection Disconnected--]]>
            </line>
          </reporter-output>
        </test-method> <!-- afterSuiteConfiguration -->
      </class> <!-- contactTests.ToCreateContactTest -->
    </test> <!-- Default test -->
  </suite> <!-- Default suite -->
</testng-results>
