<?xml version="1.0" encoding="UTF-8"?>
<!-- Generated by org.testng.reporters.JUnitXMLReporter -->
<testsuite ignored="10" hostname="PRAKRUTI-NKC7BJA6" failures="0" tests="3" name="Test" time="77.031" errors="0" timestamp="2025-03-24T08:51:25 IST">
  <testcase classname="assertionTest.ToCreateOrgWithIndandTypeTest" name="toCreateOrgwithIndustryandType_003" time="17.447"/>
  <testcase classname="assertionTest.ToCreateOrgwithIndustryDropdownTest" name="tocreateOrgwithIndustry_004" time="17.871"/>
  <testcase classname="assertionTest.ToCreateOrgTest" name="toCreateOrg_002" time="17.857"/>
  <testcase classname="assertionTest.ToCreateContactWithOrgTest" name="toCreateContactwithOrg" time="0.0">
    <ignored/>
  </testcase> <!-- toCreateContactwithOrg -->
  <testcase classname="genericUtility.BaseClass" name="@BeforeSuite beforeSuiteConfiguration" time="0.0">
    <ignored/>
  </testcase> <!-- @BeforeSuite beforeSuiteConfiguration -->
  <testcase classname="genericUtility.BaseClass" name="@BeforeSuite beforeSuiteConfiguration" time="0.0">
    <ignored/>
  </testcase> <!-- @BeforeSuite beforeSuiteConfiguration -->
  <testcase classname="genericUtility.BaseClass" name="@BeforeSuite beforeSuiteConfiguration" time="0.0">
    <ignored/>
  </testcase> <!-- @BeforeSuite beforeSuiteConfiguration -->
  <testcase classname="genericUtility.BaseClass" name="@BeforeSuite beforeSuiteConfiguration" time="0.0">
    <ignored/>
  </testcase> <!-- @BeforeSuite beforeSuiteConfiguration -->
  <testcase classname="genericUtility.BaseClass" name="@AfterSuite afterSuiteConfiguration" time="0.0">
    <ignored/>
  </testcase> <!-- @AfterSuite afterSuiteConfiguration -->
  <testcase classname="genericUtility.BaseClass" name="@AfterSuite afterSuiteConfiguration" time="0.0">
    <ignored/>
  </testcase> <!-- @AfterSuite afterSuiteConfiguration -->
  <testcase classname="genericUtility.BaseClass" name="@AfterSuite afterSuiteConfiguration" time="0.0">
    <ignored/>
  </testcase> <!-- @AfterSuite afterSuiteConfiguration -->
  <testcase classname="genericUtility.BaseClass" name="@AfterSuite afterSuiteConfiguration" time="0.0">
    <ignored/>
  </testcase> <!-- @AfterSuite afterSuiteConfiguration -->
  <testcase classname="assertionTest.ToCreateContactTest" name="toCreateContactWithAssert" time="0.0">
    <ignored/>
  </testcase> <!-- toCreateContactWithAssert -->
</testsuite> <!-- Test -->
